# JRE version: Java(TM) SE Runtime Environment (8.0_91-b15) (build 1.8.0_91-b15)
# Java VM: Java HotSpot(TM) 64-Bit Server VM (25.91-b15 mixed mode windows-amd64 compressed oops)
Heap:
 PSYoungGen      total 207360K, used 102106K [0x000000076c100000, 0x000000077ab80000, 0x00000007c0000000)
  eden space 194048K, 52% used [0x000000076c100000,0x00000007724b68a8,0x0000000777e80000)
  from space 13312K, 0% used [0x0000000778c80000,0x0000000778c80000,0x0000000779980000)
  to   space 14336K, 0% used [0x0000000777e80000,0x0000000777e80000,0x0000000778c80000)
 ParOldGen       total 126464K, used 16191K [0x00000006c4200000, 0x00000006cbd80000, 0x000000076c100000)
  object space 126464K, 12% used [0x00000006c4200000,0x00000006c51cfce8,0x00000006cbd80000)
 Metaspace       used 37441K, capacity 39734K, committed 39936K, reserved 1083392K
  class space    used 4935K, capacity 5343K, committed 5376K, reserved 1048576K
GC Heap History (10 events):
Event: 1.939 GC heap before
{Heap before GC invocations=4 (full 1):
 PSYoungGen      total 75264K, used 5992K [0x000000076c100000, 0x0000000775400000, 0x00000007c0000000)
  eden space 64512K, 0% used [0x000000076c100000,0x000000076c100000,0x0000000770000000)
  from space 10752K, 55% used [0x0000000770000000,0x00000007705da3f8,0x0000000770a80000)
  to   space 10752K, 0% used [0x0000000774980000,0x0000000774980000,0x0000000775400000)
 ParOldGen       total 172032K, used 32K [0x00000006c4200000, 0x00000006cea00000, 0x000000076c100000)
  object space 172032K, 0% used [0x00000006c4200000,0x00000006c4208000,0x00000006cea00000)
 Metaspace       used 19661K, capacity 21248K, committed 21296K, reserved 1067008K
  class space    used 2585K, capacity 2916K, committed 2944K, reserved 1048576K
Event: 1.956 GC heap after
Heap after GC invocations=4 (full 1):
 PSYoungGen      total 75264K, used 0K [0x000000076c100000, 0x0000000775400000, 0x00000007c0000000)
  eden space 64512K, 0% used [0x000000076c100000,0x000000076c100000,0x0000000770000000)
  from space 10752K, 0% used [0x0000000770000000,0x0000000770000000,0x0000000770a80000)
  to   space 10752K, 0% used [0x0000000774980000,0x0000000774980000,0x0000000775400000)
 ParOldGen       total 84480K, used 5756K [0x00000006c4200000, 0x00000006c9480000, 0x000000076c100000)
  object space 84480K, 6% used [0x00000006c4200000,0x00000006c479f0e0,0x00000006c9480000)
 Metaspace       used 19661K, capacity 21248K, committed 21296K, reserved 1067008K
  class space    used 2585K, capacity 2916K, committed 2944K, reserved 1048576K
}
Event: 2.417 GC heap before
{Heap before GC invocations=5 (full 1):
 PSYoungGen      total 75264K, used 64512K [0x000000076c100000, 0x0000000775400000, 0x00000007c0000000)
  eden space 64512K, 100% used [0x000000076c100000,0x0000000770000000,0x0000000770000000)
  from space 10752K, 0% used [0x0000000770000000,0x0000000770000000,0x0000000770a80000)
  to   space 10752K, 0% used [0x0000000774980000,0x0000000774980000,0x0000000775400000)
 ParOldGen       total 84480K, used 5756K [0x00000006c4200000, 0x00000006c9480000, 0x000000076c100000)
  object space 84480K, 6% used [0x00000006c4200000,0x00000006c479f0e0,0x00000006c9480000)
 Metaspace       used 24104K, capacity 25824K, committed 26112K, reserved 1071104K
  class space    used 3166K, capacity 3504K, committed 3584K, reserved 1048576K
Event: 2.421 GC heap after
Heap after GC invocations=5 (full 1):
 PSYoungGen      total 120832K, used 6744K [0x000000076c100000, 0x0000000775080000, 0x00000007c0000000)
  eden space 113664K, 0% used [0x000000076c100000,0x000000076c100000,0x0000000773000000)
  from space 7168K, 94% used [0x0000000774980000,0x0000000775016268,0x0000000775080000)
  to   space 10752K, 0% used [0x0000000773b80000,0x0000000773b80000,0x0000000774600000)
 ParOldGen       total 84480K, used 5764K [0x00000006c4200000, 0x00000006c9480000, 0x000000076c100000)
  object space 84480K, 6% used [0x00000006c4200000,0x00000006c47a10e0,0x00000006c9480000)
 Metaspace       used 24104K, capacity 25824K, committed 26112K, reserved 1071104K
  class space    used 3166K, capacity 3504K, committed 3584K, reserved 1048576K
}
Event: 3.142 GC heap before
{Heap before GC invocations=6 (full 1):
 PSYoungGen      total 120832K, used 120408K [0x000000076c100000, 0x0000000775080000, 0x00000007c0000000)
  eden space 113664K, 100% used [0x000000076c100000,0x0000000773000000,0x0000000773000000)
  from space 7168K, 94% used [0x0000000774980000,0x0000000775016268,0x0000000775080000)
  to   space 10752K, 0% used [0x0000000773b80000,0x0000000773b80000,0x0000000774600000)
 ParOldGen       total 84480K, used 5764K [0x00000006c4200000, 0x00000006c9480000, 0x000000076c100000)
  object space 84480K, 6% used [0x00000006c4200000,0x00000006c47a10e0,0x00000006c9480000)
 Metaspace       used 27853K, capacity 29804K, committed 29824K, reserved 1075200K
  class space    used 3599K, capacity 3968K, committed 3968K, reserved 1048576K
Event: 3.147 GC heap after
Heap after GC invocations=6 (full 1):
 PSYoungGen      total 136192K, used 10749K [0x000000076c100000, 0x0000000779980000, 0x00000007c0000000)
  eden space 125440K, 0% used [0x000000076c100000,0x000000076c100000,0x0000000773b80000)
  from space 10752K, 99% used [0x0000000773b80000,0x00000007745ff750,0x0000000774600000)
  to   space 13312K, 0% used [0x0000000778c80000,0x0000000778c80000,0x0000000779980000)
 ParOldGen       total 84480K, used 7056K [0x00000006c4200000, 0x00000006c9480000, 0x000000076c100000)
  object space 84480K, 8% used [0x00000006c4200000,0x00000006c48e4118,0x00000006c9480000)
 Metaspace       used 27853K, capacity 29804K, committed 29824K, reserved 1075200K
  class space    used 3599K, capacity 3968K, committed 3968K, reserved 1048576K
}
Event: 3.834 GC heap before
{Heap before GC invocations=7 (full 1):
 PSYoungGen      total 136192K, used 105769K [0x000000076c100000, 0x0000000779980000, 0x00000007c0000000)
  eden space 125440K, 75% used [0x000000076c100000,0x0000000771dcafb0,0x0000000773b80000)
  from space 10752K, 99% used [0x0000000773b80000,0x00000007745ff750,0x0000000774600000)
  to   space 13312K, 0% used [0x0000000778c80000,0x0000000778c80000,0x0000000779980000)
 ParOldGen       total 84480K, used 7056K [0x00000006c4200000, 0x00000006c9480000, 0x000000076c100000)
  object space 84480K, 8% used [0x00000006c4200000,0x00000006c48e4118,0x00000006c9480000)
 Metaspace       used 33181K, capacity 35356K, committed 35456K, reserved 1079296K
  class space    used 4267K, capacity 4664K, committed 4736K, reserved 1048576K
Event: 3.841 GC heap after
Heap after GC invocations=7 (full 1):
 PSYoungGen      total 207360K, used 11499K [0x000000076c100000, 0x000000077ab80000, 0x00000007c0000000)
  eden space 194048K, 0% used [0x000000076c100000,0x000000076c100000,0x0000000777e80000)
  from space 13312K, 86% used [0x0000000778c80000,0x00000007797bae58,0x0000000779980000)
  to   space 14336K, 0% used [0x0000000777e80000,0x0000000777e80000,0x0000000778c80000)
 ParOldGen       total 84480K, used 7064K [0x00000006c4200000, 0x00000006c9480000, 0x000000076c100000)
  object space 84480K, 8% used [0x00000006c4200000,0x00000006c48e6118,0x00000006c9480000)
 Metaspace       used 33181K, capacity 35356K, committed 35456K, reserved 1079296K
  class space    used 4267K, capacity 4664K, committed 4736K, reserved 1048576K
}
Event: 3.841 GC heap before
{Heap before GC invocations=8 (full 2):
 PSYoungGen      total 207360K, used 11499K [0x000000076c100000, 0x000000077ab80000, 0x00000007c0000000)
  eden space 194048K, 0% used [0x000000076c100000,0x000000076c100000,0x0000000777e80000)
  from space 13312K, 86% used [0x0000000778c80000,0x00000007797bae58,0x0000000779980000)
  to   space 14336K, 0% used [0x0000000777e80000,0x0000000777e80000,0x0000000778c80000)
 ParOldGen       total 84480K, used 7064K [0x00000006c4200000, 0x00000006c9480000, 0x000000076c100000)
  object space 84480K, 8% used [0x00000006c4200000,0x00000006c48e6118,0x00000006c9480000)
 Metaspace       used 33181K, capacity 35356K, committed 35456K, reserved 1079296K
  class space    used 4267K, capacity 4664K, committed 4736K, reserved 1048576K
Event: 3.870 GC heap after
Heap after GC invocations=8 (full 2):
 PSYoungGen      total 207360K, used 0K [0x000000076c100000, 0x000000077ab80000, 0x00000007c0000000)
  eden space 194048K, 0% used [0x000000076c100000,0x000000076c100000,0x0000000777e80000)
  from space 13312K, 0% used [0x0000000778c80000,0x0000000778c80000,0x0000000779980000)
  to   space 14336K, 0% used [0x0000000777e80000,0x0000000777e80000,0x0000000778c80000)
 ParOldGen       total 126464K, used 16191K [0x00000006c4200000, 0x00000006cbd80000, 0x000000076c100000)
  object space 126464K, 12% used [0x00000006c4200000,0x00000006c51cfce8,0x00000006cbd80000)
 Metaspace       used 33181K, capacity 35356K, committed 35456K, reserved 1079296K
  class space    used 4267K, capacity 4664K, committed 4736K, reserved 1048576K
}

