# JRE version: Java(TM) SE Runtime Environment (8.0_91-b15) (build 1.8.0_91-b15)
# Java VM: Java HotSpot(TM) 64-Bit Server VM (25.91-b15 mixed mode windows-amd64 compressed oops)
Heap:
 PSYoungGen      total 150528K, used 55314K [0x000000076c100000, 0x0000000777d00000, 0x00000007c0000000)
  eden space 136192K, 40% used [0x000000076c100000,0x000000076f704b80,0x0000000774600000)
  from space 14336K, 0% used [0x0000000774600000,0x0000000774600000,0x0000000775400000)
  to   space 16896K, 0% used [0x0000000776c80000,0x0000000776c80000,0x0000000777d00000)
 ParOldGen       total 292352K, used 28011K [0x00000006c4200000, 0x00000006d5f80000, 0x000000076c100000)
  object space 292352K, 9% used [0x00000006c4200000,0x00000006c5d5adc8,0x00000006d5f80000)
 Metaspace       used 58698K, capacity 62712K, committed 62808K, reserved 1103872K
  class space    used 7565K, capacity 8298K, committed 8320K, reserved 1048576K
GC Heap History (10 events):
Event: 3.266 GC heap before
{Heap before GC invocations=8 (full 2):
 PSYoungGen      total 120320K, used 8046K [0x000000076c100000, 0x0000000774500000, 0x00000007c0000000)
  eden space 107520K, 0% used [0x000000076c100000,0x000000076c100000,0x0000000772a00000)
  from space 12800K, 62% used [0x0000000773880000,0x000000077405bb88,0x0000000774500000)
  to   space 13824K, 0% used [0x0000000772a00000,0x0000000772a00000,0x0000000773780000)
 ParOldGen       total 119296K, used 12794K [0x00000006c4200000, 0x00000006cb680000, 0x000000076c100000)
  object space 119296K, 10% used [0x00000006c4200000,0x00000006c4e7ea20,0x00000006cb680000)
 Metaspace       used 33369K, capacity 35334K, committed 35416K, reserved 1079296K
  class space    used 4332K, capacity 4673K, committed 4736K, reserved 1048576K
Event: 3.312 GC heap after
Heap after GC invocations=8 (full 2):
 PSYoungGen      total 120320K, used 0K [0x000000076c100000, 0x0000000774500000, 0x00000007c0000000)
  eden space 107520K, 0% used [0x000000076c100000,0x000000076c100000,0x0000000772a00000)
  from space 12800K, 0% used [0x0000000773880000,0x0000000773880000,0x0000000774500000)
  to   space 13824K, 0% used [0x0000000772a00000,0x0000000772a00000,0x0000000773780000)
 ParOldGen       total 194048K, used 12611K [0x00000006c4200000, 0x00000006cff80000, 0x000000076c100000)
  object space 194048K, 6% used [0x00000006c4200000,0x00000006c4e50ff0,0x00000006cff80000)
 Metaspace       used 33369K, capacity 35334K, committed 35416K, reserved 1079296K
  class space    used 4332K, capacity 4673K, committed 4736K, reserved 1048576K
}
Event: 4.336 GC heap before
{Heap before GC invocations=9 (full 2):
 PSYoungGen      total 120320K, used 107520K [0x000000076c100000, 0x0000000774500000, 0x00000007c0000000)
  eden space 107520K, 100% used [0x000000076c100000,0x0000000772a00000,0x0000000772a00000)
  from space 12800K, 0% used [0x0000000773880000,0x0000000773880000,0x0000000774500000)
  to   space 13824K, 0% used [0x0000000772a00000,0x0000000772a00000,0x0000000773780000)
 ParOldGen       total 194048K, used 12611K [0x00000006c4200000, 0x00000006cff80000, 0x000000076c100000)
  object space 194048K, 6% used [0x00000006c4200000,0x00000006c4e50ff0,0x00000006cff80000)
 Metaspace       used 43305K, capacity 45446K, committed 45528K, reserved 1089536K
  class space    used 5480K, capacity 5875K, committed 5888K, reserved 1048576K
Event: 4.342 GC heap after
Heap after GC invocations=9 (full 2):
 PSYoungGen      total 121344K, used 8611K [0x000000076c100000, 0x0000000776100000, 0x00000007c0000000)
  eden space 107520K, 0% used [0x000000076c100000,0x000000076c100000,0x0000000772a00000)
  from space 13824K, 62% used [0x0000000772a00000,0x0000000773268f88,0x0000000773780000)
  to   space 13312K, 0% used [0x0000000775400000,0x0000000775400000,0x0000000776100000)
 ParOldGen       total 194048K, used 12684K [0x00000006c4200000, 0x00000006cff80000, 0x000000076c100000)
  object space 194048K, 6% used [0x00000006c4200000,0x00000006c4e63000,0x00000006cff80000)
 Metaspace       used 43305K, capacity 45446K, committed 45528K, reserved 1089536K
  class space    used 5480K, capacity 5875K, committed 5888K, reserved 1048576K
}
Event: 5.034 GC heap before
{Heap before GC invocations=10 (full 2):
 PSYoungGen      total 121344K, used 116131K [0x000000076c100000, 0x0000000776100000, 0x00000007c0000000)
  eden space 107520K, 100% used [0x000000076c100000,0x0000000772a00000,0x0000000772a00000)
  from space 13824K, 62% used [0x0000000772a00000,0x0000000773268f88,0x0000000773780000)
  to   space 13312K, 0% used [0x0000000775400000,0x0000000775400000,0x0000000776100000)
 ParOldGen       total 194048K, used 12684K [0x00000006c4200000, 0x00000006cff80000, 0x000000076c100000)
  object space 194048K, 6% used [0x00000006c4200000,0x00000006c4e63000,0x00000006cff80000)
 Metaspace       used 49397K, capacity 51892K, committed 52056K, reserved 1095680K
  class space    used 6246K, capacity 6730K, committed 6784K, reserved 1048576K
Event: 5.041 GC heap after
Heap after GC invocations=10 (full 2):
 PSYoungGen      total 149504K, used 12393K [0x000000076c100000, 0x0000000776300000, 0x00000007c0000000)
  eden space 136192K, 0% used [0x000000076c100000,0x000000076c100000,0x0000000774600000)
  from space 13312K, 93% used [0x0000000775400000,0x000000077601a758,0x0000000776100000)
  to   space 14336K, 0% used [0x0000000774600000,0x0000000774600000,0x0000000775400000)
 ParOldGen       total 194048K, used 12692K [0x00000006c4200000, 0x00000006cff80000, 0x000000076c100000)
  object space 194048K, 6% used [0x00000006c4200000,0x00000006c4e65000,0x00000006cff80000)
 Metaspace       used 49397K, capacity 51892K, committed 52056K, reserved 1095680K
  class space    used 6246K, capacity 6730K, committed 6784K, reserved 1048576K
}
Event: 5.967 GC heap before
{Heap before GC invocations=11 (full 2):
 PSYoungGen      total 149504K, used 148585K [0x000000076c100000, 0x0000000776300000, 0x00000007c0000000)
  eden space 136192K, 100% used [0x000000076c100000,0x0000000774600000,0x0000000774600000)
  from space 13312K, 93% used [0x0000000775400000,0x000000077601a758,0x0000000776100000)
  to   space 14336K, 0% used [0x0000000774600000,0x0000000774600000,0x0000000775400000)
 ParOldGen       total 194048K, used 12692K [0x00000006c4200000, 0x00000006cff80000, 0x000000076c100000)
  object space 194048K, 6% used [0x00000006c4200000,0x00000006c4e65000,0x00000006cff80000)
 Metaspace       used 55889K, capacity 58908K, committed 59028K, reserved 1101824K
  class space    used 7108K, capacity 7666K, committed 7680K, reserved 1048576K
Event: 5.976 GC heap after
Heap after GC invocations=11 (full 2):
 PSYoungGen      total 150528K, used 14313K [0x000000076c100000, 0x0000000777d00000, 0x00000007c0000000)
  eden space 136192K, 0% used [0x000000076c100000,0x000000076c100000,0x0000000774600000)
  from space 14336K, 99% used [0x0000000774600000,0x00000007753fa470,0x0000000775400000)
  to   space 16896K, 0% used [0x0000000776c80000,0x0000000776c80000,0x0000000777d00000)
 ParOldGen       total 194048K, used 15828K [0x00000006c4200000, 0x00000006cff80000, 0x000000076c100000)
  object space 194048K, 8% used [0x00000006c4200000,0x00000006c51750f0,0x00000006cff80000)
 Metaspace       used 55889K, capacity 58908K, committed 59028K, reserved 1101824K
  class space    used 7108K, capacity 7666K, committed 7680K, reserved 1048576K
}
Event: 5.976 GC heap before
{Heap before GC invocations=12 (full 3):
 PSYoungGen      total 150528K, used 14313K [0x000000076c100000, 0x0000000777d00000, 0x00000007c0000000)
  eden space 136192K, 0% used [0x000000076c100000,0x000000076c100000,0x0000000774600000)
  from space 14336K, 99% used [0x0000000774600000,0x00000007753fa470,0x0000000775400000)
  to   space 16896K, 0% used [0x0000000776c80000,0x0000000776c80000,0x0000000777d00000)
 ParOldGen       total 194048K, used 15828K [0x00000006c4200000, 0x00000006cff80000, 0x000000076c100000)
  object space 194048K, 8% used [0x00000006c4200000,0x00000006c51750f0,0x00000006cff80000)
 Metaspace       used 55889K, capacity 58908K, committed 59028K, reserved 1101824K
  class space    used 7108K, capacity 7666K, committed 7680K, reserved 1048576K
Event: 6.095 GC heap after
Heap after GC invocations=12 (full 3):
 PSYoungGen      total 150528K, used 0K [0x000000076c100000, 0x0000000777d00000, 0x00000007c0000000)
  eden space 136192K, 0% used [0x000000076c100000,0x000000076c100000,0x0000000774600000)
  from space 14336K, 0% used [0x0000000774600000,0x0000000774600000,0x0000000775400000)
  to   space 16896K, 0% used [0x0000000776c80000,0x0000000776c80000,0x0000000777d00000)
 ParOldGen       total 292352K, used 28011K [0x00000006c4200000, 0x00000006d5f80000, 0x000000076c100000)
  object space 292352K, 9% used [0x00000006c4200000,0x00000006c5d5adc8,0x00000006d5f80000)
 Metaspace       used 55889K, capacity 58908K, committed 59028K, reserved 1101824K
  class space    used 7108K, capacity 7666K, committed 7680K, reserved 1048576K
}

